# Server version 0.08 running on localhost:8123
# Game ID: 364
# Board class: pentago_twist.PentagoBoard
# Timeout: 20000
# First Move Timeout: 30000
# Date: Mon Feb 28 04:07:25 EST 2022
# Player 1: Player-0, '260849921', running on localhost
# Player 2: Player-1, 'RandomPlayer', running on localhost
START Player-0 260849921
START Player-1 RandomPlayer
1 4 0 1 0
4 4 2 0 1
0 2 3 0 0
1 0 1 0 1
4 1 0 0 0
1 2 1 1 1
3 0 0 1 0
1 1 2 1 1
4 2 2 1 0
4 3 1 1 1
3 3 3 0 0
5 4 0 0 1
2 4 2 1 0
0 5 2 1 1
0 4 2 1 0
4 3 0 0 1
2 2 2 0 0
1 3 0 0 1
2 3 3 0 0
3 1 3 0 1
3 0 2 0 0
GAMEOVER WINNER 0
# Game ended: Mon Feb 28 04:07:46 EST 2022
