# Server version 0.08 running on 192.168.2.35:8123
# Game ID: 146
# Board class: pentago_twist.PentagoBoard
# Timeout: 20000
# First Move Timeout: 30000
# Date: Mon Apr 12 21:58:01 EDT 2021
# Player 1: Player-0, '260849921', running on localhost
# Player 2: Player-1, 'RandomPlayer', running on localhost
START Player-0 260849921
START Player-1 RandomPlayer
2 4 1 1 0
4 4 2 0 1
5 5 0 0 0
0 5 1 0 1
0 5 3 0 0
1 2 1 1 1
0 4 2 1 0
1 1 2 1 1
5 5 2 0 0
4 1 1 1 1
5 1 2 1 0
5 2 0 0 1
3 0 1 0 0
0 3 2 1 1
2 4 2 0 0
3 5 0 0 1
3 2 2 1 0
1 2 0 0 1
3 4 0 0 0
2 2 3 0 1
4 3 0 0 0
5 1 3 0 1
4 5 0 0 0
2 0 3 0 1
GAMEOVER WINNER 0
# Game ended: Mon Apr 12 21:58:25 EDT 2021
