# Server version 0.08 running on 192.168.2.24:8123
# Game ID: 367
# Board class: pentago_twist.PentagoBoard
# Timeout: 20000
# First Move Timeout: 30000
# Date: Mon Feb 28 04:08:22 EST 2022
# Player 1: Player-0, 'RandomPlayer', running on localhost
# Player 2: Player-1, '260849921', running on localhost
START Player-0 RandomPlayer
START Player-1 260849921
1 0 2 0 0
4 4 1 1 1
0 2 1 0 0
3 2 0 1 1
4 0 0 1 0
2 0 0 0 1
1 3 2 1 0
5 2 0 1 1
5 4 1 1 0
1 4 2 1 1
4 2 0 0 0
1 1 0 0 1
4 3 2 1 0
4 1 3 0 1
3 3 0 0 0
2 3 2 1 1
GAMEOVER WINNER 1
# Game ended: Mon Feb 28 04:08:38 EST 2022
