# Server version 0.08 running on 192.168.2.35:8123
# Game ID: 224
# Board class: pentago_twist.PentagoBoard
# Timeout: 300000
# First Move Timeout: 30000
# Date: Tue Apr 13 03:52:08 EDT 2021
# Player 1: Player-0, 'Human', running on 192.168.2.35
# Player 2: Player-1, '260849921', running on 192.168.2.35
START Player-0 Human
START Player-1 260849921
2 2 1 0 0
2 3 0 0 1
1 0 1 0 0
3 3 1 0 1
0 0 0 1 0
3 2 0 0 1
2 3 3 0 0
2 4 1 0 1
GAMEOVER ILLEGAL MOVE: Player 0, Move: (2, 3), R/F: (3, 2) WINNER 1
# Game ended: Tue Apr 13 03:53:09 EDT 2021
