# Server version 0.08 running on localhost:8123
# Game ID: 250
# Board class: pentago_twist.PentagoBoard
# Timeout: 300000
# First Move Timeout: 30000
# Date: Tue Apr 13 10:54:43 EDT 2021
# Player 1: Player-0, '260849921', running on localhost
# Player 2: Player-1, 'Human', running on localhost
START Player-0 260849921
START Player-1 Human
2 2 0 0 0
2 2 1 0 1
2 3 1 1 0
3 3 1 0 1
3 2 2 1 0
4 4 1 0 1
3 2 1 0 0
2 4 0 1 1
2 3 0 0 0
4 2 0 1 1
0 3 0 1 0
2 2 1 0 1
2 3 0 0 0
2 2 1 0 1
1 2 0 0 0
1 1 1 0 1
GAMEOVER WINNER 1
# Game ended: Tue Apr 13 10:56:00 EDT 2021
