# Server version 0.08 running on 192.168.2.35:8123
# Game ID: 133
# Board class: pentago_twist.PentagoBoard
# Timeout: 300000
# First Move Timeout: 30000
# Date: Mon Apr 12 21:50:38 EDT 2021
# Player 1: Player-0, 'RandomPlayer', running on 192.168.2.35
# Player 2: Player-1, '260849921', running on 192.168.2.35
START Player-0 RandomPlayer
START Player-1 260849921
1 0 2 0 0
4 4 3 0 1
0 2 1 0 0
2 3 1 1 1
4 0 0 1 0
5 5 3 1 1
1 3 2 1 0
0 2 3 0 1
5 4 1 1 0
3 2 1 0 1
4 3 0 0 0
0 4 1 1 1
4 5 2 1 0
1 2 2 1 1
3 5 0 0 0
1 3 3 0 1
5 3 0 0 0
3 3 1 1 1
3 1 3 0 0
2 2 0 0 1
2 3 0 0 0
GAMEOVER USER CANCEL UNDECIDED
# Game ended: Mon Apr 12 21:50:58 EDT 2021
