# Server version 0.08 running on localhost:8123
# Game ID: 291
# Board class: pentago_twist.PentagoBoard
# Timeout: 300000
# First Move Timeout: 30000
# Date: Tue Apr 13 15:07:13 EDT 2021
# Player 1: Player-0, '260849921', running on localhost
# Player 2: Player-1, '260849921', running on localhost
START Player-0 260849921
START Player-1 260849921
2 2 0 0 0
2 2 0 1 1
2 3 0 0 0
3 3 0 0 1
2 2 0 0 0
3 2 0 0 1
0 2 0 0 0
0 3 0 0 1
1 2 0 0 0
1 2 1 0 1
2 3 0 0 0
1 2 0 0 1
1 3 1 0 0
GAMEOVER WINNER 0
# Game ended: Tue Apr 13 15:07:39 EDT 2021
