# Server version 0.08 running on localhost:8123
# Game ID: 88
# Board class: pentago_twist.PentagoBoard
# Timeout: 300000
# First Move Timeout: 30000
# Date: Mon Apr 12 20:13:46 EDT 2021
# Player 1: Player-0, 'RandomPlayer', running on localhost
# Player 2: Player-1, '260849921', running on localhost
START Player-0 RandomPlayer
START Player-1 260849921
1 0 2 0 0
0 0 0 1 1
0 3 1 0 0
0 0 0 1 1
4 1 0 1 0
0 1 0 1 1
2 0 2 1 0
0 3 0 1 1
5 4 1 1 0
0 4 0 1 1
4 4 0 0 0
1 0 0 1 1
4 5 2 1 0
1 1 0 1 1
4 0 0 0 0
0 0 0 1 1
5 5 0 0 0
1 3 0 1 1
3 5 3 0 0
1 4 0 1 1
GAMEOVER WINNER 1
# Game ended: Mon Apr 12 20:14:06 EDT 2021
