# Server version 0.08 running on localhost:8123
# Game ID: 27
# Board class: pentago_twist.PentagoBoard
# Timeout: 300000
# First Move Timeout: 30000
# Date: Sun Apr 11 18:10:42 EDT 2021
# Player 1: Player-0, 'xxxxxxxxx', running on localhost
# Player 2: Player-1, 'xxxxxxxxx', running on localhost
START Player-0 xxxxxxxxx
START Player-1 xxxxxxxxx
1 0 2 0 0
4 4 2 0 1
0 2 1 0 0
1 1 1 0 1
4 0 0 1 0
1 4 1 1 1
1 5 2 1 0
1 0 2 1 1
5 4 1 1 0
4 2 1 1 1
4 3 0 0 0
5 3 0 0 1
4 1 2 1 0
0 3 2 1 1
3 3 0 0 0
3 4 0 0 1
5 5 0 0 0
1 2 0 0 1
3 1 3 0 0
2 4 3 0 1
2 3 0 0 0
5 1 3 0 1
3 0 3 0 0
1 3 3 0 1
0 0 2 1 0
3 0 2 1 1
0 5 0 0 0
2 1 0 0 1
GAMEOVER WINNER 1
# Game ended: Sun Apr 11 18:10:42 EDT 2021
