# Server version 0.08 running on localhost:8123
# Game ID: 157
# Board class: pentago_twist.PentagoBoard
# Timeout: 20000
# First Move Timeout: 30000
# Date: Mon Apr 12 22:42:52 EDT 2021
# Player 1: Player-0, '260849921', running on localhost
# Player 2: Player-1, 'RandomPlayer', running on localhost
START Player-0 260849921
START Player-1 RandomPlayer
0 3 0 0 0
4 4 2 0 1
5 5 0 1 0
1 0 1 0 1
3 2 2 1 0
1 3 1 1 1
0 4 3 0 0
1 2 2 1 1
2 1 2 1 0
4 2 1 1 1
1 5 3 0 0
5 4 0 0 1
2 0 3 0 0
1 1 2 1 1
3 1 3 1 0
4 3 0 0 1
4 1 1 0 0
1 4 0 0 1
5 4 0 0 0
3 0 3 0 1
5 5 3 1 0
5 1 3 0 1
0 5 3 0 0
2 0 3 0 1
0 3 2 1 0
3 5 2 1 1
0 2 1 0 0
GAMEOVER WINNER 0
# Game ended: Mon Apr 12 22:43:20 EDT 2021
