# Server version 0.08 running on localhost:8123
# Game ID: 258
# Board class: pentago_twist.PentagoBoard
# Timeout: 300000
# First Move Timeout: 30000
# Date: Tue Apr 13 12:21:26 EDT 2021
# Player 1: Player-0, 'Human', running on localhost
# Player 2: Player-1, '260849921', running on localhost
START Player-0 Human
START Player-1 260849921
1 2 1 0 0
2 2 0 0 1
1 1 1 1 0
2 3 1 1 1
3 1 1 0 0
0 1 1 0 1
4 1 1 0 0
5 1 0 0 1
2 2 1 0 0
2 3 0 0 1
4 2 1 0 0
5 3 1 1 1
4 3 1 0 0
4 0 1 0 1
4 4 0 1 0
4 5 0 1 1
3 2 1 0 0
2 2 1 0 1
GAMEOVER ILLEGAL MOVE: Player 0, Move: (2, 3), R/F: (0, 3) WINNER 1
# Game ended: Tue Apr 13 12:22:45 EDT 2021
