# Server version 0.08 running on 192.168.2.35:8123
# Game ID: 103
# Board class: pentago_twist.PentagoBoard
# Timeout: 300000
# First Move Timeout: 30000
# Date: Mon Apr 12 20:39:56 EDT 2021
# Player 1: Player-0, '260849921', running on 192.168.2.35
# Player 2: Player-1, '260849921', running on 192.168.2.35
START Player-0 260849921
START Player-1 260849921
0 0 0 1 0
0 0 0 1 1
0 1 0 1 0
0 3 0 1 1
0 4 0 1 0
0 5 0 1 1
1 0 0 1 0
1 0 0 1 1
GAMEOVER USER CANCEL UNDECIDED
# Game ended: Mon Apr 12 20:40:04 EDT 2021
