# Server version 0.08 running on 192.168.2.35:8123
# Game ID: 59
# Board class: pentago_twist.PentagoBoard
# Timeout: 20000
# First Move Timeout: 30000
# Date: Mon Apr 12 17:44:54 EDT 2021
# Starting at move 15
# Player 1: Player-0, '260849921', running on 192.168.2.35
# Player 2: Player-1, '260849921', running on 192.168.2.35
START Player-0 260849921
START Player-1 260849921
0 2 0 0 0
4 4 2 0 1
1 2 0 0 0
0 5 1 0 1
2 2 0 0 0
1 3 1 1 1
3 0 0 0 0
1 2 2 1 1
0 3 1 1 0
4 3 1 1 1
0 4 1 1 0
5 4 0 0 1
0 3 0 0 0
1 1 2 1 1
2 3 2 0 0
2 4 2 0 1
3 0 1 0 0
0 2 1 0 1
GAMEOVER WINNER 0
# Game ended: Mon Apr 12 17:44:54 EDT 2021
