# Server version 0.08 running on 192.168.2.35:8123
# Game ID: 34
# Board class: pentago_twist.PentagoBoard
# Timeout: 300000
# First Move Timeout: 30000
# Date: Sun Apr 11 19:23:18 EDT 2021
# Player 1: Player-0, 'Human', running on 192.168.2.35
# Player 2: Player-1, 'xxxxxxxxx', running on 192.168.2.35
START Player-0 Human
START Player-1 xxxxxxxxx
0 2 0 0 0
4 4 2 0 1
1 3 1 1 0
0 5 1 0 1
0 3 1 1 0
1 2 1 1 1
0 4 1 1 0
1 1 2 1 1
1 4 1 1 0
4 3 1 1 1
1 5 1 1 0
5 4 0 0 1
1 5 1 1 0
0 3 2 1 1
2 5 1 1 0
4 2 0 0 1
3 2 2 0 0
2 1 0 0 1
2 2 0 0 0
3 4 3 0 1
2 1 0 0 0
5 3 3 0 1
2 2 0 0 0
GAMEOVER WINNER 0
# Game ended: Sun Apr 11 19:23:41 EDT 2021
