# Server version 0.08 running on localhost:8123
# Game ID: 83
# Board class: pentago_twist.PentagoBoard
# Timeout: 300000
# First Move Timeout: 30000
# Date: Mon Apr 12 19:59:33 EDT 2021
# Player 1: Player-0, '260849921', running on localhost
# Player 2: Player-1, '260849921', running on localhost
START Player-0 260849921
START Player-1 260849921
0 0 0 0 0
0 0 0 0 1
0 0 0 0 0
0 0 0 0 1
0 1 0 0 0
0 1 0 0 1
0 1 0 0 0
0 1 0 0 1
0 3 0 0 0
0 4 0 0 1
0 5 0 0 0
1 1 0 0 1
1 3 0 0 0
1 4 0 0 1
1 5 0 0 0
2 3 0 0 1
2 4 0 0 0
2 5 0 0 1
3 0 0 0 0
3 1 0 0 1
3 2 0 0 0
3 3 0 0 1
3 4 0 0 0
3 5 0 0 1
4 0 0 0 0
4 1 0 0 1
4 4 2 0 0
3 0 0 0 1
4 0 0 0 0
4 3 0 0 1
4 5 0 0 0
5 0 0 0 1
5 1 0 0 0
5 3 0 0 1
5 4 2 1 0
5 5 0 0 1
GAMEOVER DRAW
# Game ended: Mon Apr 12 20:00:41 EDT 2021
