# Server version 0.08 running on 192.168.2.35:8123
# Game ID: 21
# Board class: pentago_twist.PentagoBoard
# Timeout: 20000
# First Move Timeout: 30000
# Date: Sun Apr 11 17:39:27 EDT 2021
# Starting at move 8
# Player 1: Player-0, 'Human', running on 192.168.2.35
# Player 2: Player-1, 'Human', running on 192.168.2.35
START Player-0 Human
START Player-1 Human
0 1 0 0 0
0 3 1 1 1
3 2 3 1 0
1 1 3 1 1
3 1 2 1 0
2 3 1 0 1
2 4 2 0 0
3 1 2 1 1
4 2 2 0 0
2 3 1 1 1
1 5 1 1 0
1 4 1 0 1
GAMEOVER ILLEGAL MOVE: Player 0, Move: (2, 5), R/F: (1, 2) WINNER 1
# Game ended: Sun Apr 11 17:40:21 EDT 2021
