# Server version 0.08 running on localhost:8123
# Game ID: 293
# Board class: pentago_twist.PentagoBoard
# Timeout: 20000
# First Move Timeout: 30000
# Date: Tue Apr 13 15:16:12 EDT 2021
# Starting at move 18
# Player 1: Player-0, 'Human', running on localhost
# Player 2: Player-1, '260849921', running on localhost
START Player-0 Human
START Player-1 260849921
2 2 0 0 0
2 3 0 0 1
2 2 1 1 0
1 4 1 1 1
3 2 0 0 0
0 5 2 0 1
3 2 0 0 0
3 0 2 1 1
4 1 0 0 0
2 4 0 0 1
3 3 0 0 0
3 4 0 0 1
0 4 0 0 0
4 4 0 0 1
5 4 0 0 0
1 3 0 0 1
0 2 0 0 0
1 5 1 0 1
GAMEOVER WINNER 1
# Game ended: Tue Apr 13 15:16:14 EDT 2021
