# Server version 0.08 running on 192.168.2.24:8123
# Game ID: 359
# Board class: pentago_twist.PentagoBoard
# Timeout: 20000
# First Move Timeout: 30000
# Date: Mon Feb 28 04:03:31 EST 2022
# Player 1: Player-0, 'RandomPlayer', running on 192.168.2.24
# Player 2: Player-1, '260849921', running on 192.168.2.24
START Player-0 RandomPlayer
START Player-1 260849921
1 0 2 0 0
4 4 0 0 1
0 3 1 0 0
3 3 1 1 1
4 0 0 1 0
0 4 0 0 1
1 4 2 1 0
2 5 0 1 1
5 4 1 1 0
1 3 1 0 1
4 3 0 0 0
1 0 3 0 1
5 0 2 1 0
3 3 0 1 1
4 1 0 0 0
2 2 1 0 1
5 5 0 0 0
0 2 2 1 1
3 2 3 0 0
GAMEOVER WINNER 0
# Game ended: Mon Feb 28 04:03:49 EST 2022
