# Server version 0.08 running on localhost:8123
# Game ID: 48
# Board class: pentago_twist.PentagoBoard
# Timeout: 300000
# First Move Timeout: 30000
# Date: Mon Apr 12 00:42:34 EDT 2021
# Player 1: Player-0, 'Human', running on localhost
# Player 2: Player-1, '260849921', running on localhost
START Player-0 Human
START Player-1 260849921
2 2 0 0 0
0 0 0 0 1
1 0 1 0 0
0 1 0 0 1
0 0 1 0 0
0 3 0 0 1
3 2 1 0 0
0 0 0 0 1
4 2 1 0 0
0 1 0 0 1
5 2 0 1 0
GAMEOVER WINNER 0
# Game ended: Mon Apr 12 00:43:15 EDT 2021
