# Server version 0.08 running on 192.168.2.35:8123
# Game ID: 195
# Board class: pentago_twist.PentagoBoard
# Timeout: 300000
# First Move Timeout: 30000
# Date: Tue Apr 13 01:42:02 EDT 2021
# Player 1: Player-0, '260849921', running on 192.168.2.35
# Player 2: Player-1, '260849921', running on 192.168.2.35
START Player-0 260849921
START Player-1 260849921
2 2 0 0 0
2 2 0 1 1
2 3 0 0 0
3 3 0 0 1
2 2 0 0 0
3 2 0 0 1
0 2 0 0 0
0 3 0 0 1
1 2 0 0 0
1 2 1 0 1
2 3 0 0 0
GAMEOVER USER CANCEL UNDECIDED
# Game ended: Tue Apr 13 01:42:25 EDT 2021
