# Server version 0.08 running on 192.168.2.35:8123
# Game ID: 318
# Board class: pentago_twist.PentagoBoard
# Timeout: 300000
# First Move Timeout: 30000
# Date: Tue Apr 13 19:59:48 EDT 2021
# Player 1: Player-0, '260849921', running on 192.168.2.35
# Player 2: Player-1, 'RandomPlayer', running on 192.168.2.35
START Player-0 260849921
START Player-1 RandomPlayer
2 2 0 0 0
4 4 2 0 1
2 2 0 1 0
0 5 1 0 1
2 3 0 1 0
1 1 1 1 1
0 2 1 0 0
1 2 2 1 1
3 2 0 1 0
4 3 1 1 1
2 3 0 0 0
5 4 0 0 1
3 3 1 0 0
1 0 2 1 1
1 3 0 1 0
4 2 0 0 1
GAMEOVER USER CANCEL UNDECIDED
# Game ended: Tue Apr 13 20:00:06 EDT 2021
