# Server version 0.08 running on 192.168.2.35:8123
# Game ID: 227
# Board class: pentago_twist.PentagoBoard
# Timeout: 300000
# First Move Timeout: 30000
# Date: Tue Apr 13 04:07:46 EDT 2021
# Player 1: Player-0, '260849921', running on 192.168.2.35
# Player 2: Player-1, '260849921', running on 192.168.2.35
START Player-0 260849921
START Player-1 260849921
2 2 0 0 0
2 2 0 1 1
2 3 0 0 0
3 3 0 0 1
2 2 0 0 0
3 2 0 0 1
0 2 0 0 0
0 3 0 0 1
1 2 0 0 0
1 2 1 0 1
2 3 0 0 0
1 2 0 0 1
0 4 0 0 0
1 3 0 0 1
2 4 0 0 0
0 1 0 0 1
2 5 0 0 0
3 0 0 0 1
3 1 0 1 0
GAMEOVER WINNER 0
# Game ended: Tue Apr 13 04:08:24 EDT 2021
