# Server version 0.08 running on 192.168.2.35:8123
# Game ID: 229
# Board class: pentago_twist.PentagoBoard
# Timeout: 300000
# First Move Timeout: 30000
# Date: Tue Apr 13 04:13:24 EDT 2021
# Player 1: Player-0, '260849921', running on 192.168.2.35
# Player 2: Player-1, 'RandomPlayer', running on 192.168.2.35
START Player-0 260849921
START Player-1 RandomPlayer
2 2 0 0 0
4 4 2 0 1
2 2 0 0 0
1 0 1 0 1
2 3 0 0 0
1 4 1 1 1
2 3 0 0 0
1 0 2 1 1
4 2 2 1 0
4 3 1 1 1
GAMEOVER ILLEGAL MOVE: Player 0, Move: (2, 3), R/F: (0, 0) WINNER 1
# Game ended: Tue Apr 13 04:13:36 EDT 2021
